Oct 10, 2016 8:00:30 PM org.apache.catalina.core.ApplicationContext log
INFO: Manager: init: Associated with Deployer 'Catalina:type=Deployer,host=localhost'
Oct 10, 2016 8:00:30 PM org.apache.catalina.core.ApplicationContext log
INFO: Manager: init: Global resources are available
Oct 10, 2016 8:00:30 PM org.apache.catalina.core.ApplicationContext log
INFO: Manager: list: Listing contexts for virtual host 'localhost'
Oct 10, 2016 8:00:30 PM org.apache.catalina.core.ApplicationContext log
INFO: Manager: list: Listing contexts for virtual host 'localhost'
Oct 10, 2016 8:09:05 PM org.apache.catalina.core.ApplicationContext log
INFO: Manager: init: Associated with Deployer 'Catalina:type=Deployer,host=localhost'
Oct 10, 2016 8:09:05 PM org.apache.catalina.core.ApplicationContext log
INFO: Manager: init: Global resources are available
Oct 10, 2016 8:09:05 PM org.apache.catalina.core.ApplicationContext log
INFO: Manager: list: Listing contexts for virtual host 'localhost'
Oct 10, 2016 8:09:05 PM org.apache.catalina.core.ApplicationContext log
INFO: Manager: list: Listing contexts for virtual host 'localhost'
Oct 10, 2016 8:09:25 PM org.apache.catalina.core.ApplicationContext log
INFO: HTMLManager: init: Associated with Deployer 'Catalina:type=Deployer,host=localhost'
Oct 10, 2016 8:09:25 PM org.apache.catalina.core.ApplicationContext log
INFO: HTMLManager: init: Global resources are available
Oct 10, 2016 8:09:25 PM org.apache.catalina.core.ApplicationContext log
INFO: HTMLManager: list: Listing contexts for virtual host 'localhost'
Oct 10, 2016 8:15:05 PM org.apache.catalina.core.ApplicationContext log
INFO: HTMLManager: list: Listing contexts for virtual host 'localhost'
